\BOOKMARK [-1][-]{part.1}{Fundamentals}{}% 1
\BOOKMARK [0][-]{chapter.1}{Electromagnetic radiation}{part.1}% 2
\BOOKMARK [1][-]{section.1.1}{Maxwell-Equations}{chapter.1}% 3
\BOOKMARK [1][-]{section.1.2}{Colomb and Lorentz Gauge}{chapter.1}% 4
\BOOKMARK [1][-]{section.1.3}{Li\351nard-Wiechert Potentials}{chapter.1}% 5
\BOOKMARK [2][-]{subsection.1.3.1}{Solution of inhomogeneous wave equation}{section.1.3}% 6
\BOOKMARK [2][-]{subsection.1.3.2}{Special Case: Moving point charge}{section.1.3}% 7
\BOOKMARK [2][-]{subsection.1.3.3}{Energy emission}{section.1.3}% 8
\BOOKMARK [-1][-]{part.2}{Numerics}{}% 9
\BOOKMARK [0][-]{chapter.2}{Integration of Equation of Motion}{part.2}% 10
\BOOKMARK [1][-]{section.2.1}{Equations of Motion}{chapter.2}% 11
\BOOKMARK [1][-]{section.2.2}{Euler-Scheme}{chapter.2}% 12
\BOOKMARK [2][-]{subsection.2.2.1}{Procedural Error and Order of Consistency}{section.2.2}% 13
\BOOKMARK [1][-]{section.2.3}{Leap-Frog-Scheme}{chapter.2}% 14
\BOOKMARK [2][-]{subsection.2.3.1}{Boris-Method}{section.2.3}% 15
\BOOKMARK [1][-]{section.2.4}{Nystr\366m-Scheme}{chapter.2}% 16
\BOOKMARK [1][-]{section.2.5}{Adaptive Timestep Control}{chapter.2}% 17
\BOOKMARK [0][-]{chapter.3}{Interpolations}{part.2}% 18
\BOOKMARK [1][-]{section.3.1}{Linear interpolation of Trajectories}{chapter.3}% 19
\BOOKMARK [1][-]{section.3.2}{Trilinear Interpolation of Fields}{chapter.3}% 20
\BOOKMARK [0][-]{chapter.4}{FDTD}{part.2}% 21
\BOOKMARK [1][-]{section.4.1}{The Yee-Scheme}{chapter.4}% 22
\BOOKMARK [1][-]{section.4.2}{Numeric Dispersion Relation}{chapter.4}% 23
\BOOKMARK [0][-]{chapter.5}{Hybrid Field Approach}{part.2}% 24
\BOOKMARK [1][-]{section.5.1}{Near-and Farfields}{chapter.5}% 25
\BOOKMARK [1][-]{section.5.2}{Field Push}{chapter.5}% 26
\BOOKMARK [1][-]{section.5.3}{Particle Push and Nearfield Update}{chapter.5}% 27
\BOOKMARK [1][-]{section.5.4}{Particle History}{chapter.5}% 28
\BOOKMARK [1][-]{section.5.5}{Farfield Setup Before Simulation}{chapter.5}% 29
\BOOKMARK [1][-]{section.5.6}{Electron Scattering in an electromagnetic wave}{chapter.5}% 30
\BOOKMARK [0][-]{chapter.6}{Uniaxial Perfectly Matched Layer}{part.2}% 31
\BOOKMARK [-1][-]{part.3}{Summary}{}% 32
\BOOKMARK [-1][-]{part.4}{Appendix}{}% 33
\BOOKMARK [0][-]{appendix.A}{Gauge Transformations}{part.4}% 34
\BOOKMARK [1][-]{section.A.1}{Invariance of Fields}{appendix.A}% 35
\BOOKMARK [1][-]{section.A.2}{Invariance of Potential Equations}{appendix.A}% 36
\BOOKMARK [0][-]{appendix.B}{Retarded Potential Equations Fulfill Laurentz Gauge}{part.4}% 37
\BOOKMARK [0][-]{appendix.C}{Softwarestack}{part.4}% 38
\BOOKMARK [0][-]{appendix.D}{Code Documentation}{part.4}% 39
\BOOKMARK [0][-]{appendix.E}{Normalization}{part.4}% 40
\BOOKMARK [0][-]{chapter*.5}{Bibliography}{part.4}% 41
\BOOKMARK [0][-]{chapter*.6}{Declaration}{part.4}% 42
